<?xml version="1.0" encoding="UTF-8"?>
<coverage generated="1627392171412" clover="3.2.0">
  <project timestamp="1627392171412" name="All files">
    <metrics statements="222" coveredstatements="95" conditionals="83" coveredconditionals="19" methods="95" coveredmethods="52" elements="400" coveredelements="166" complexity="0" loc="222" ncloc="222" packages="6" files="15" classes="15"/>
    <package name="codebuild.output.src026986662.src.SmartDogHouse-WebApp.src.components">
      <metrics statements="135" coveredstatements="49" conditionals="69" coveredconditionals="18" methods="57" coveredmethods="29"/>
      <file name="AdministrationCommands.vue" path="/codebuild/output/src026986662/src/SmartDogHouse-WebApp/src/components/AdministrationCommands.vue">
        <metrics statements="2" coveredstatements="2" conditionals="0" coveredconditionals="0" methods="2" coveredmethods="2"/>
        <line num="29" count="13" type="stmt"/>
        <line num="35" count="13" type="stmt"/>
      </file>
      <file name="CameraFrame.vue" path="/codebuild/output/src026986662/src/SmartDogHouse-WebApp/src/components/CameraFrame.vue">
        <metrics statements="2" coveredstatements="1" conditionals="0" coveredconditionals="0" methods="2" coveredmethods="1"/>
        <line num="52" count="13" type="stmt"/>
        <line num="59" count="0" type="stmt"/>
      </file>
      <file name="DogScroller.vue" path="/codebuild/output/src026986662/src/SmartDogHouse-WebApp/src/components/DogScroller.vue">
        <metrics statements="11" coveredstatements="10" conditionals="0" coveredconditionals="0" methods="7" coveredmethods="6"/>
        <line num="60" count="13" type="stmt"/>
        <line num="67" count="39" type="stmt"/>
        <line num="85" count="258" type="stmt"/>
        <line num="88" count="114" type="stmt"/>
        <line num="89" count="114" type="stmt"/>
        <line num="91" count="114" type="stmt"/>
        <line num="92" count="258" type="stmt"/>
        <line num="93" count="258" type="stmt"/>
        <line num="95" count="258" type="stmt"/>
        <line num="104" count="0" type="stmt"/>
        <line num="107" count="1" type="stmt"/>
      </file>
      <file name="DogView.vue" path="/codebuild/output/src026986662/src/SmartDogHouse-WebApp/src/components/DogView.vue">
        <metrics statements="93" coveredstatements="14" conditionals="41" coveredconditionals="1" methods="26" coveredmethods="6"/>
        <line num="457" count="13" type="stmt"/>
        <line num="462" count="0" type="stmt"/>
        <line num="466" count="39" type="stmt"/>
        <line num="558" count="39" type="stmt"/>
        <line num="562" count="0" type="stmt"/>
        <line num="563" count="0" type="stmt"/>
        <line num="564" count="0" type="stmt"/>
        <line num="565" count="0" type="stmt"/>
        <line num="566" count="0" type="stmt"/>
        <line num="567" count="0" type="stmt"/>
        <line num="568" count="0" type="stmt"/>
        <line num="569" count="0" type="stmt"/>
        <line num="570" count="0" type="stmt"/>
        <line num="575" count="0" type="stmt"/>
        <line num="576" count="0" type="stmt"/>
        <line num="579" count="114" type="stmt"/>
        <line num="581" count="0" type="stmt"/>
        <line num="583" count="0" type="stmt"/>
        <line num="585" count="0" type="stmt"/>
        <line num="587" count="114" type="stmt"/>
        <line num="591" count="0" type="stmt"/>
        <line num="593" count="0" type="stmt"/>
        <line num="595" count="0" type="stmt"/>
        <line num="597" count="0" type="stmt"/>
        <line num="599" count="0" type="stmt"/>
        <line num="601" count="0" type="stmt"/>
        <line num="603" count="0" type="stmt"/>
        <line num="605" count="0" type="stmt"/>
        <line num="607" count="0" type="stmt"/>
        <line num="609" count="0" type="stmt"/>
        <line num="613" count="380" type="stmt"/>
        <line num="618" count="0" type="cond" truecount="0" falsecount="6"/>
        <line num="622" count="0" type="stmt"/>
        <line num="632" count="0" type="stmt"/>
        <line num="638" count="0" type="stmt"/>
        <line num="639" count="0" type="stmt"/>
        <line num="642" count="0" type="stmt"/>
        <line num="646" count="0" type="cond" truecount="0" falsecount="2"/>
        <line num="648" count="0" type="stmt"/>
        <line num="649" count="0" type="stmt"/>
        <line num="652" count="0" type="stmt"/>
        <line num="657" count="0" type="cond" truecount="0" falsecount="2"/>
        <line num="659" count="0" type="stmt"/>
        <line num="660" count="0" type="stmt"/>
        <line num="663" count="0" type="stmt"/>
        <line num="665" count="0" type="stmt"/>
        <line num="666" count="0" type="stmt"/>
        <line num="671" count="0" type="cond" truecount="0" falsecount="2"/>
        <line num="672" count="0" type="stmt"/>
        <line num="676" count="0" type="stmt"/>
        <line num="679" count="0" type="stmt"/>
        <line num="682" count="0" type="stmt"/>
        <line num="685" count="0" type="stmt"/>
        <line num="689" count="0" type="stmt"/>
        <line num="690" count="0" type="cond" truecount="0" falsecount="5"/>
        <line num="691" count="0" type="stmt"/>
        <line num="692" count="0" type="stmt"/>
        <line num="693" count="0" type="stmt"/>
        <line num="694" count="0" type="stmt"/>
        <line num="704" count="0" type="cond" truecount="0" falsecount="2"/>
        <line num="705" count="0" type="stmt"/>
        <line num="709" count="0" type="cond" truecount="0" falsecount="2"/>
        <line num="710" count="0" type="stmt"/>
        <line num="712" count="0" type="stmt"/>
        <line num="714" count="0" type="stmt"/>
        <line num="715" count="0" type="stmt"/>
        <line num="717" count="0" type="stmt"/>
        <line num="723" count="0" type="stmt"/>
        <line num="724" count="0" type="cond" truecount="0" falsecount="5"/>
        <line num="725" count="0" type="stmt"/>
        <line num="726" count="0" type="stmt"/>
        <line num="727" count="0" type="stmt"/>
        <line num="728" count="0" type="stmt"/>
        <line num="731" count="0" type="cond" truecount="0" falsecount="2"/>
        <line num="732" count="0" type="stmt"/>
        <line num="736" count="0" type="stmt"/>
        <line num="737" count="0" type="stmt"/>
        <line num="739" count="0" type="stmt"/>
        <line num="745" count="39" type="stmt"/>
        <line num="746" count="39" type="stmt"/>
        <line num="747" count="39" type="stmt"/>
        <line num="748" count="39" type="stmt"/>
        <line num="750" count="39" type="stmt"/>
        <line num="751" count="39" type="stmt"/>
        <line num="752" count="39" type="stmt"/>
        <line num="753" count="39" type="stmt"/>
        <line num="758" count="0" type="stmt"/>
        <line num="761" count="0" type="stmt"/>
        <line num="762" count="0" type="stmt"/>
        <line num="764" count="0" type="stmt"/>
        <line num="765" count="0" type="stmt"/>
        <line num="766" count="0" type="stmt"/>
        <line num="768" count="0" type="stmt"/>
      </file>
      <file name="DogsManager.vue" path="/codebuild/output/src026986662/src/SmartDogHouse-WebApp/src/components/DogsManager.vue">
        <metrics statements="16" coveredstatements="16" conditionals="19" coveredconditionals="17" methods="9" coveredmethods="9"/>
        <line num="120" count="13" type="stmt"/>
        <line num="122" count="39" type="stmt"/>
        <line num="133" count="9" type="cond" truecount="2" falsecount="0"/>
        <line num="134" count="9" type="cond" truecount="3" falsecount="0"/>
        <line num="137" count="9" type="cond" truecount="2" falsecount="0"/>
        <line num="138" count="9" type="cond" truecount="3" falsecount="0"/>
        <line num="141" count="5" type="cond" truecount="2" falsecount="0"/>
        <line num="142" count="5" type="cond" truecount="3" falsecount="0"/>
        <line num="147" count="1" type="stmt"/>
        <line num="148" count="1" type="cond" truecount="1" falsecount="1"/>
        <line num="149" count="1" type="stmt"/>
        <line num="153" count="1" type="stmt"/>
        <line num="161" count="1" type="stmt"/>
        <line num="162" count="1" type="cond" truecount="1" falsecount="1"/>
        <line num="163" count="1" type="stmt"/>
        <line num="164" count="1" type="stmt"/>
      </file>
      <file name="EnvStats.vue" path="/codebuild/output/src026986662/src/SmartDogHouse-WebApp/src/components/EnvStats.vue">
        <metrics statements="1" coveredstatements="1" conditionals="0" coveredconditionals="0" methods="1" coveredmethods="1"/>
        <line num="24" count="26" type="stmt"/>
      </file>
      <file name="LoginForm.vue" path="/codebuild/output/src026986662/src/SmartDogHouse-WebApp/src/components/LoginForm.vue">
        <metrics statements="6" coveredstatements="2" conditionals="9" coveredconditionals="0" methods="7" coveredmethods="2"/>
        <line num="38" count="5" type="stmt"/>
        <line num="42" count="0" type="cond" truecount="0" falsecount="2"/>
        <line num="43" count="0" type="cond" truecount="0" falsecount="3"/>
        <line num="47" count="0" type="cond" truecount="0" falsecount="2"/>
        <line num="48" count="0" type="cond" truecount="0" falsecount="2"/>
        <line num="56" count="2" type="stmt"/>
      </file>
      <file name="NotificationsTab.vue" path="/codebuild/output/src026986662/src/SmartDogHouse-WebApp/src/components/NotificationsTab.vue">
        <metrics statements="2" coveredstatements="1" conditionals="0" coveredconditionals="0" methods="2" coveredmethods="1"/>
        <line num="36" count="39" type="stmt"/>
        <line num="41" count="0" type="stmt"/>
      </file>
      <file name="StatsChart.vue" path="/codebuild/output/src026986662/src/SmartDogHouse-WebApp/src/components/StatsChart.vue">
        <metrics statements="2" coveredstatements="2" conditionals="0" coveredconditionals="0" methods="1" coveredmethods="1"/>
        <line num="93" count="13" type="stmt"/>
        <line num="105" count="104" type="stmt"/>
      </file>
    </package>
    <package name="codebuild.output.src026986662.src.SmartDogHouse-WebApp.src.views">
      <metrics statements="64" coveredstatements="29" conditionals="14" coveredconditionals="1" methods="29" coveredmethods="19"/>
      <file name="Home.vue" path="/codebuild/output/src026986662/src/SmartDogHouse-WebApp/src/views/Home.vue">
        <metrics statements="63" coveredstatements="28" conditionals="14" coveredconditionals="1" methods="28" coveredmethods="18"/>
        <line num="141" count="14" type="stmt"/>
        <line num="142" count="14" type="stmt"/>
        <line num="143" count="14" type="stmt"/>
        <line num="144" count="14" type="stmt"/>
        <line num="145" count="14" type="stmt"/>
        <line num="146" count="14" type="stmt"/>
        <line num="148" count="14" type="stmt"/>
        <line num="163" count="14" type="stmt"/>
        <line num="164" count="14" type="stmt"/>
        <line num="166" count="14" type="stmt"/>
        <line num="167" count="13" type="stmt"/>
        <line num="170" count="14" type="stmt"/>
        <line num="171" count="14" type="stmt"/>
        <line num="172" count="0" type="cond" truecount="0" falsecount="2"/>
        <line num="173" count="0" type="stmt"/>
        <line num="177" count="14" type="stmt"/>
        <line num="184" count="13" type="stmt"/>
        <line num="186" count="13" type="stmt"/>
        <line num="187" count="13" type="stmt"/>
        <line num="191" count="1" type="stmt"/>
        <line num="192" count="1" type="stmt"/>
        <line num="197" count="0" type="stmt"/>
        <line num="200" count="61" type="stmt"/>
        <line num="201" count="61" type="stmt"/>
        <line num="206" count="0" type="stmt"/>
        <line num="208" count="0" type="stmt"/>
        <line num="209" count="0" type="stmt"/>
        <line num="210" count="0" type="stmt"/>
        <line num="211" count="0" type="stmt"/>
        <line num="212" count="0" type="stmt"/>
        <line num="213" count="0" type="stmt"/>
        <line num="214" count="0" type="stmt"/>
        <line num="215" count="0" type="stmt"/>
        <line num="216" count="0" type="stmt"/>
        <line num="218" count="0" type="stmt"/>
        <line num="221" count="0" type="stmt"/>
        <line num="224" count="0" type="cond" truecount="0" falsecount="2"/>
        <line num="225" count="0" type="stmt"/>
        <line num="226" count="0" type="stmt"/>
        <line num="228" count="0" type="cond" truecount="0" falsecount="4"/>
        <line num="229" count="0" type="stmt"/>
        <line num="230" count="0" type="stmt"/>
        <line num="232" count="0" type="stmt"/>
        <line num="236" count="1" type="stmt"/>
        <line num="237" count="1" type="cond" truecount="1" falsecount="1"/>
        <line num="238" count="1" type="stmt"/>
        <line num="242" count="0" type="stmt"/>
        <line num="243" count="0" type="cond" truecount="0" falsecount="2"/>
        <line num="244" count="0" type="stmt"/>
        <line num="245" count="0" type="cond" truecount="0" falsecount="2"/>
        <line num="247" count="0" type="stmt"/>
        <line num="249" count="0" type="stmt"/>
        <line num="253" count="1" type="stmt"/>
        <line num="256" count="1" type="stmt"/>
        <line num="257" count="1" type="stmt"/>
        <line num="263" count="23" type="stmt"/>
        <line num="266" count="0" type="stmt"/>
        <line num="267" count="0" type="stmt"/>
        <line num="268" count="0" type="stmt"/>
        <line num="269" count="0" type="stmt"/>
        <line num="270" count="0" type="stmt"/>
        <line num="271" count="0" type="stmt"/>
        <line num="272" count="0" type="stmt"/>
      </file>
      <file name="Login.vue" path="/codebuild/output/src026986662/src/SmartDogHouse-WebApp/src/views/Login.vue">
        <metrics statements="1" coveredstatements="1" conditionals="0" coveredconditionals="0" methods="1" coveredmethods="1"/>
        <line num="25" count="4" type="stmt"/>
      </file>
    </package>
    <package name="home.runner.work.SmartDogHouse-WebApp.SmartDogHouse-WebApp.src">
      <metrics statements="8" coveredstatements="8" conditionals="0" coveredconditionals="0" methods="1" coveredmethods="1"/>
      <file name="main.js" path="/home/runner/work/SmartDogHouse-WebApp/SmartDogHouse-WebApp/src/main.js">
        <metrics statements="8" coveredstatements="8" conditionals="0" coveredconditionals="0" methods="1" coveredmethods="1"/>
        <line num="13" count="16" type="stmt"/>
        <line num="15" count="16" type="stmt"/>
        <line num="16" count="16" type="stmt"/>
        <line num="22" count="16" type="stmt"/>
        <line num="24" count="16" type="stmt"/>
        <line num="25" count="16" type="stmt"/>
        <line num="26" count="16" type="stmt"/>
        <line num="32" count="16" type="stmt"/>
      </file>
    </package>
    <package name="home.runner.work.SmartDogHouse-WebApp.SmartDogHouse-WebApp.src.plugins">
      <metrics statements="2" coveredstatements="2" conditionals="0" coveredconditionals="0" methods="0" coveredmethods="0"/>
      <file name="vuetify.js" path="/home/runner/work/SmartDogHouse-WebApp/SmartDogHouse-WebApp/src/plugins/vuetify.js">
        <metrics statements="2" coveredstatements="2" conditionals="0" coveredconditionals="0" methods="0" coveredmethods="0"/>
        <line num="5" count="16" type="stmt"/>
        <line num="7" count="16" type="stmt"/>
      </file>
    </package>
    <package name="home.runner.work.SmartDogHouse-WebApp.SmartDogHouse-WebApp.src.router">
      <metrics statements="3" coveredstatements="3" conditionals="0" coveredconditionals="0" methods="0" coveredmethods="0"/>
      <file name="router.js" path="/home/runner/work/SmartDogHouse-WebApp/SmartDogHouse-WebApp/src/router/router.js">
        <metrics statements="3" coveredstatements="3" conditionals="0" coveredconditionals="0" methods="0" coveredmethods="0"/>
        <line num="6" count="16" type="stmt"/>
        <line num="8" count="16" type="stmt"/>
        <line num="27" count="16" type="stmt"/>
      </file>
    </package>
    <package name="home.runner.work.SmartDogHouse-WebApp.SmartDogHouse-WebApp.src.store">
      <metrics statements="10" coveredstatements="4" conditionals="0" coveredconditionals="0" methods="8" coveredmethods="3"/>
      <file name="store.js" path="/home/runner/work/SmartDogHouse-WebApp/SmartDogHouse-WebApp/src/store/store.js">
        <metrics statements="10" coveredstatements="4" conditionals="0" coveredconditionals="0" methods="8" coveredmethods="3"/>
        <line num="4" count="16" type="stmt"/>
        <line num="15" count="12" type="stmt"/>
        <line num="18" count="0" type="stmt"/>
        <line num="21" count="0" type="stmt"/>
        <line num="22" count="0" type="stmt"/>
        <line num="27" count="13" type="stmt"/>
        <line num="30" count="12" type="stmt"/>
        <line num="33" count="0" type="stmt"/>
        <line num="37" count="0" type="stmt"/>
        <line num="40" count="0" type="stmt"/>
      </file>
    </package>
  </project>
</coverage>
