{"total": {"lines":{"total":222,"covered":95,"skipped":0,"pct":42.79},"statements":{"total":224,"covered":95,"skipped":0,"pct":42.41},"functions":{"total":95,"covered":52,"skipped":0,"pct":54.74},"branches":{"total":83,"covered":19,"skipped":0,"pct":22.89}}
,"/codebuild/output/src026986662/src/SmartDogHouse-WebApp/src/components/AdministrationCommands.vue": {"lines":{"total":2,"covered":2,"skipped":0,"pct":100},"functions":{"total":2,"covered":2,"skipped":0,"pct":100},"statements":{"total":2,"covered":2,"skipped":0,"pct":100},"branches":{"total":0,"covered":0,"skipped":0,"pct":100}}
,"/codebuild/output/src026986662/src/SmartDogHouse-WebApp/src/components/CameraFrame.vue": {"lines":{"total":2,"covered":1,"skipped":0,"pct":50},"functions":{"total":2,"covered":1,"skipped":0,"pct":50},"statements":{"total":2,"covered":1,"skipped":0,"pct":50},"branches":{"total":0,"covered":0,"skipped":0,"pct":100}}
,"/codebuild/output/src026986662/src/SmartDogHouse-WebApp/src/components/DogScroller.vue": {"lines":{"total":11,"covered":10,"skipped":0,"pct":90.91},"functions":{"total":7,"covered":6,"skipped":0,"pct":85.71},"statements":{"total":11,"covered":10,"skipped":0,"pct":90.91},"branches":{"total":0,"covered":0,"skipped":0,"pct":100}}
,"/codebuild/output/src026986662/src/SmartDogHouse-WebApp/src/components/DogView.vue": {"lines":{"total":93,"covered":14,"skipped":0,"pct":15.05},"functions":{"total":26,"covered":6,"skipped":0,"pct":23.08},"statements":{"total":95,"covered":14,"skipped":0,"pct":14.74},"branches":{"total":41,"covered":1,"skipped":0,"pct":2.44}}
,"/codebuild/output/src026986662/src/SmartDogHouse-WebApp/src/components/DogsManager.vue": {"lines":{"total":16,"covered":16,"skipped":0,"pct":100},"functions":{"total":9,"covered":9,"skipped":0,"pct":100},"statements":{"total":16,"covered":16,"skipped":0,"pct":100},"branches":{"total":19,"covered":17,"skipped":0,"pct":89.47}}
,"/codebuild/output/src026986662/src/SmartDogHouse-WebApp/src/components/EnvStats.vue": {"lines":{"total":1,"covered":1,"skipped":0,"pct":100},"functions":{"total":1,"covered":1,"skipped":0,"pct":100},"statements":{"total":1,"covered":1,"skipped":0,"pct":100},"branches":{"total":0,"covered":0,"skipped":0,"pct":100}}
,"/codebuild/output/src026986662/src/SmartDogHouse-WebApp/src/components/LoginForm.vue": {"lines":{"total":6,"covered":2,"skipped":0,"pct":33.33},"functions":{"total":7,"covered":2,"skipped":0,"pct":28.57},"statements":{"total":6,"covered":2,"skipped":0,"pct":33.33},"branches":{"total":9,"covered":0,"skipped":0,"pct":0}}
,"/codebuild/output/src026986662/src/SmartDogHouse-WebApp/src/components/NotificationsTab.vue": {"lines":{"total":2,"covered":1,"skipped":0,"pct":50},"functions":{"total":2,"covered":1,"skipped":0,"pct":50},"statements":{"total":2,"covered":1,"skipped":0,"pct":50},"branches":{"total":0,"covered":0,"skipped":0,"pct":100}}
,"/codebuild/output/src026986662/src/SmartDogHouse-WebApp/src/components/StatsChart.vue": {"lines":{"total":2,"covered":2,"skipped":0,"pct":100},"functions":{"total":1,"covered":1,"skipped":0,"pct":100},"statements":{"total":2,"covered":2,"skipped":0,"pct":100},"branches":{"total":0,"covered":0,"skipped":0,"pct":100}}
,"/codebuild/output/src026986662/src/SmartDogHouse-WebApp/src/views/Home.vue": {"lines":{"total":63,"covered":28,"skipped":0,"pct":44.44},"functions":{"total":28,"covered":18,"skipped":0,"pct":64.29},"statements":{"total":63,"covered":28,"skipped":0,"pct":44.44},"branches":{"total":14,"covered":1,"skipped":0,"pct":7.14}}
,"/codebuild/output/src026986662/src/SmartDogHouse-WebApp/src/views/Login.vue": {"lines":{"total":1,"covered":1,"skipped":0,"pct":100},"functions":{"total":1,"covered":1,"skipped":0,"pct":100},"statements":{"total":1,"covered":1,"skipped":0,"pct":100},"branches":{"total":0,"covered":0,"skipped":0,"pct":100}}
,"/home/runner/work/SmartDogHouse-WebApp/SmartDogHouse-WebApp/src/main.js": {"lines":{"total":8,"covered":8,"skipped":0,"pct":100},"functions":{"total":1,"covered":1,"skipped":0,"pct":100},"statements":{"total":8,"covered":8,"skipped":0,"pct":100},"branches":{"total":0,"covered":0,"skipped":0,"pct":100}}
,"/home/runner/work/SmartDogHouse-WebApp/SmartDogHouse-WebApp/src/plugins/vuetify.js": {"lines":{"total":2,"covered":2,"skipped":0,"pct":100},"functions":{"total":0,"covered":0,"skipped":0,"pct":100},"statements":{"total":2,"covered":2,"skipped":0,"pct":100},"branches":{"total":0,"covered":0,"skipped":0,"pct":100}}
,"/home/runner/work/SmartDogHouse-WebApp/SmartDogHouse-WebApp/src/router/router.js": {"lines":{"total":3,"covered":3,"skipped":0,"pct":100},"functions":{"total":0,"covered":0,"skipped":0,"pct":100},"statements":{"total":3,"covered":3,"skipped":0,"pct":100},"branches":{"total":0,"covered":0,"skipped":0,"pct":100}}
,"/home/runner/work/SmartDogHouse-WebApp/SmartDogHouse-WebApp/src/store/store.js": {"lines":{"total":10,"covered":4,"skipped":0,"pct":40},"functions":{"total":8,"covered":3,"skipped":0,"pct":37.5},"statements":{"total":10,"covered":4,"skipped":0,"pct":40},"branches":{"total":0,"covered":0,"skipped":0,"pct":100}}
}
