{"/codebuild/output/src026986662/src/SmartDogHouse-WebApp/src/components/AdministrationCommands.vue": {"path":"/codebuild/output/src026986662/src/SmartDogHouse-WebApp/src/components/AdministrationCommands.vue","statementMap":{"0":{"start":{"line":29,"column":0},"end":{"line":29,"column":null}},"1":{"start":{"line":35,"column":0},"end":{"line":40,"column":null}}},"fnMap":{"0":{"name":"(anonymous_0)","decl":{"start":{"line":29,"column":0},"end":{"line":29,"column":null}},"loc":{"start":{"line":29,"column":0},"end":{"line":29,"column":null}}},"1":{"name":"(anonymous_1)","decl":{"start":{"line":34,"column":0},"end":{"line":34,"column":null}},"loc":{"start":{"line":34,"column":0},"end":{"line":41,"column":null}}}},"branchMap":{},"s":{"0":13,"1":13},"f":{"0":13,"1":13},"b":{}}
,"/codebuild/output/src026986662/src/SmartDogHouse-WebApp/src/components/CameraFrame.vue": {"path":"/codebuild/output/src026986662/src/SmartDogHouse-WebApp/src/components/CameraFrame.vue","statementMap":{"0":{"start":{"line":52,"column":0},"end":{"line":55,"column":null}},"1":{"start":{"line":59,"column":0},"end":{"line":59,"column":null}}},"fnMap":{"0":{"name":"(anonymous_0)","decl":{"start":{"line":51,"column":0},"end":{"line":51,"column":null}},"loc":{"start":{"line":51,"column":0},"end":{"line":56,"column":null}}},"1":{"name":"(anonymous_1)","decl":{"start":{"line":58,"column":0},"end":{"line":58,"column":null}},"loc":{"start":{"line":58,"column":0},"end":{"line":60,"column":null}}}},"branchMap":{},"s":{"0":12,"1":0},"f":{"0":12,"1":0},"b":{}}
,"/codebuild/output/src026986662/src/SmartDogHouse-WebApp/src/components/DogScroller.vue": {"path":"/codebuild/output/src026986662/src/SmartDogHouse-WebApp/src/components/DogScroller.vue","statementMap":{"0":{"start":{"line":60,"column":0},"end":{"line":60,"column":null}},"1":{"start":{"line":67,"column":0},"end":{"line":82,"column":null}},"2":{"start":{"line":85,"column":0},"end":{"line":85,"column":null}},"3":{"start":{"line":88,"column":0},"end":{"line":88,"column":null}},"4":{"start":{"line":89,"column":0},"end":{"line":89,"column":null}},"5":{"start":{"line":91,"column":0},"end":{"line":101,"column":null}},"6":{"start":{"line":92,"column":0},"end":{"line":92,"column":null}},"7":{"start":{"line":93,"column":0},"end":{"line":93,"column":null}},"8":{"start":{"line":95,"column":0},"end":{"line":100,"column":null}},"9":{"start":{"line":104,"column":0},"end":{"line":104,"column":null}},"10":{"start":{"line":107,"column":0},"end":{"line":107,"column":null}}},"fnMap":{"0":{"name":"(anonymous_0)","decl":{"start":{"line":60,"column":0},"end":{"line":60,"column":null}},"loc":{"start":{"line":60,"column":0},"end":{"line":60,"column":null}}},"1":{"name":"(anonymous_1)","decl":{"start":{"line":66,"column":0},"end":{"line":66,"column":null}},"loc":{"start":{"line":67,"column":0},"end":{"line":82,"column":null}}},"2":{"name":"(anonymous_2)","decl":{"start":{"line":84,"column":0},"end":{"line":84,"column":null}},"loc":{"start":{"line":84,"column":0},"end":{"line":86,"column":null}}},"3":{"name":"(anonymous_3)","decl":{"start":{"line":87,"column":0},"end":{"line":87,"column":null}},"loc":{"start":{"line":87,"column":0},"end":{"line":102,"column":null}}},"4":{"name":"(anonymous_4)","decl":{"start":{"line":91,"column":0},"end":{"line":91,"column":null}},"loc":{"start":{"line":91,"column":0},"end":{"line":101,"column":null}}},"5":{"name":"(anonymous_5)","decl":{"start":{"line":103,"column":0},"end":{"line":103,"column":null}},"loc":{"start":{"line":103,"column":0},"end":{"line":105,"column":null}}},"6":{"name":"(anonymous_6)","decl":{"start":{"line":106,"column":0},"end":{"line":106,"column":null}},"loc":{"start":{"line":106,"column":0},"end":{"line":108,"column":null}}}},"branchMap":{},"s":{"0":13,"1":39,"2":222,"3":108,"4":108,"5":108,"6":222,"7":222,"8":222,"9":0,"10":1},"f":{"0":13,"1":39,"2":222,"3":108,"4":222,"5":0,"6":1},"b":{}}
,"/codebuild/output/src026986662/src/SmartDogHouse-WebApp/src/components/DogView.vue": {"path":"/codebuild/output/src026986662/src/SmartDogHouse-WebApp/src/components/DogView.vue","statementMap":{"0":{"start":{"line":457,"column":0},"end":{"line":457,"column":null}},"1":{"start":{"line":462,"column":0},"end":{"line":462,"column":null}},"2":{"start":{"line":466,"column":0},"end":{"line":555,"column":null}},"3":{"start":{"line":558,"column":0},"end":{"line":558,"column":null}},"4":{"start":{"line":562,"column":0},"end":{"line":562,"column":null}},"5":{"start":{"line":563,"column":0},"end":{"line":563,"column":null}},"6":{"start":{"line":564,"column":0},"end":{"line":564,"column":null}},"7":{"start":{"line":565,"column":0},"end":{"line":565,"column":null}},"8":{"start":{"line":566,"column":0},"end":{"line":566,"column":null}},"9":{"start":{"line":567,"column":0},"end":{"line":567,"column":null}},"10":{"start":{"line":568,"column":0},"end":{"line":568,"column":null}},"11":{"start":{"line":569,"column":0},"end":{"line":569,"column":null}},"12":{"start":{"line":570,"column":0},"end":{"line":570,"column":null}},"13":{"start":{"line":575,"column":0},"end":{"line":575,"column":null}},"14":{"start":{"line":576,"column":0},"end":{"line":576,"column":null}},"15":{"start":{"line":579,"column":0},"end":{"line":588,"column":null}},"16":{"start":{"line":581,"column":0},"end":{"line":581,"column":null}},"17":{"start":{"line":583,"column":0},"end":{"line":583,"column":null}},"18":{"start":{"line":585,"column":0},"end":{"line":585,"column":null}},"19":{"start":{"line":587,"column":0},"end":{"line":587,"column":null}},"20":{"start":{"line":591,"column":0},"end":{"line":610,"column":null}},"21":{"start":{"line":593,"column":0},"end":{"line":593,"column":null}},"22":{"start":{"line":595,"column":0},"end":{"line":595,"column":null}},"23":{"start":{"line":597,"column":0},"end":{"line":597,"column":null}},"24":{"start":{"line":599,"column":0},"end":{"line":599,"column":null}},"25":{"start":{"line":601,"column":0},"end":{"line":601,"column":null}},"26":{"start":{"line":603,"column":0},"end":{"line":603,"column":null}},"27":{"start":{"line":605,"column":0},"end":{"line":605,"column":null}},"28":{"start":{"line":607,"column":0},"end":{"line":607,"column":null}},"29":{"start":{"line":609,"column":0},"end":{"line":609,"column":null}},"30":{"start":{"line":613,"column":0},"end":{"line":613,"column":null}},"31":{"start":{"line":618,"column":0},"end":{"line":629,"column":null}},"32":{"start":{"line":622,"column":0},"end":{"line":628,"column":null}},"33":{"start":{"line":632,"column":0},"end":{"line":637,"column":null}},"34":{"start":{"line":638,"column":0},"end":{"line":638,"column":null}},"35":{"start":{"line":639,"column":0},"end":{"line":641,"column":null}},"36":{"start":{"line":642,"column":0},"end":{"line":642,"column":null}},"37":{"start":{"line":646,"column":0},"end":{"line":668,"column":null}},"38":{"start":{"line":648,"column":0},"end":{"line":650,"column":null}},"39":{"start":{"line":649,"column":0},"end":{"line":649,"column":null}},"40":{"start":{"line":652,"column":0},"end":{"line":655,"column":null}},"41":{"start":{"line":657,"column":0},"end":{"line":668,"column":null}},"42":{"start":{"line":659,"column":0},"end":{"line":661,"column":null}},"43":{"start":{"line":660,"column":0},"end":{"line":660,"column":null}},"44":{"start":{"line":663,"column":0},"end":{"line":667,"column":null}},"45":{"start":{"line":665,"column":0},"end":{"line":665,"column":null}},"46":{"start":{"line":666,"column":0},"end":{"line":666,"column":null}},"47":{"start":{"line":671,"column":0},"end":{"line":673,"column":null}},"48":{"start":{"line":672,"column":0},"end":{"line":672,"column":null}},"49":{"start":{"line":676,"column":0},"end":{"line":676,"column":null}},"50":{"start":{"line":679,"column":0},"end":{"line":679,"column":null}},"51":{"start":{"line":682,"column":0},"end":{"line":682,"column":null}},"52":{"start":{"line":685,"column":0},"end":{"line":685,"column":null}},"53":{"start":{"line":689,"column":0},"end":{"line":689,"column":null}},"54":{"start":{"line":690,"column":0},"end":{"line":720,"column":null}},"55":{"start":{"line":691,"column":0},"end":{"line":691,"column":null}},"56":{"start":{"line":692,"column":0},"end":{"line":692,"column":null}},"57":{"start":{"line":693,"column":0},"end":{"line":719,"column":null}},"58":{"start":{"line":694,"column":0},"end":{"line":702,"column":null}},"59":{"start":{"line":704,"column":0},"end":{"line":718,"column":null}},"60":{"start":{"line":705,"column":0},"end":{"line":708,"column":null}},"61":{"start":{"line":709,"column":0},"end":{"line":713,"column":null}},"62":{"start":{"line":710,"column":0},"end":{"line":710,"column":null}},"63":{"start":{"line":712,"column":0},"end":{"line":712,"column":null}},"64":{"start":{"line":714,"column":0},"end":{"line":716,"column":null}},"65":{"start":{"line":714,"column":0},"end":{"line":714,"column":null}},"66":{"start":{"line":715,"column":0},"end":{"line":715,"column":null}},"67":{"start":{"line":717,"column":0},"end":{"line":717,"column":null}},"68":{"start":{"line":723,"column":0},"end":{"line":723,"column":null}},"69":{"start":{"line":724,"column":0},"end":{"line":742,"column":null}},"70":{"start":{"line":725,"column":0},"end":{"line":725,"column":null}},"71":{"start":{"line":726,"column":0},"end":{"line":726,"column":null}},"72":{"start":{"line":727,"column":0},"end":{"line":741,"column":null}},"73":{"start":{"line":728,"column":0},"end":{"line":729,"column":null}},"74":{"start":{"line":731,"column":0},"end":{"line":740,"column":null}},"75":{"start":{"line":732,"column":0},"end":{"line":735,"column":null}},"76":{"start":{"line":736,"column":0},"end":{"line":738,"column":null}},"77":{"start":{"line":736,"column":0},"end":{"line":736,"column":null}},"78":{"start":{"line":737,"column":0},"end":{"line":737,"column":null}},"79":{"start":{"line":739,"column":0},"end":{"line":739,"column":null}},"80":{"start":{"line":745,"column":0},"end":{"line":745,"column":null}},"81":{"start":{"line":746,"column":0},"end":{"line":746,"column":null}},"82":{"start":{"line":747,"column":0},"end":{"line":747,"column":null}},"83":{"start":{"line":748,"column":0},"end":{"line":748,"column":null}},"84":{"start":{"line":750,"column":0},"end":{"line":750,"column":null}},"85":{"start":{"line":751,"column":0},"end":{"line":751,"column":null}},"86":{"start":{"line":752,"column":0},"end":{"line":752,"column":null}},"87":{"start":{"line":753,"column":0},"end":{"line":753,"column":null}},"88":{"start":{"line":758,"column":0},"end":{"line":758,"column":null}},"89":{"start":{"line":761,"column":0},"end":{"line":761,"column":null}},"90":{"start":{"line":762,"column":0},"end":{"line":762,"column":null}},"91":{"start":{"line":764,"column":0},"end":{"line":773,"column":null}},"92":{"start":{"line":765,"column":0},"end":{"line":765,"column":null}},"93":{"start":{"line":766,"column":0},"end":{"line":766,"column":null}},"94":{"start":{"line":768,"column":0},"end":{"line":772,"column":null}}},"fnMap":{"0":{"name":"(anonymous_0)","decl":{"start":{"line":457,"column":0},"end":{"line":457,"column":null}},"loc":{"start":{"line":457,"column":0},"end":{"line":457,"column":null}}},"1":{"name":"(anonymous_1)","decl":{"start":{"line":462,"column":0},"end":{"line":462,"column":null}},"loc":{"start":{"line":462,"column":0},"end":{"line":462,"column":null}}},"2":{"name":"(anonymous_2)","decl":{"start":{"line":465,"column":0},"end":{"line":465,"column":null}},"loc":{"start":{"line":465,"column":0},"end":{"line":556,"column":null}}},"3":{"name":"(anonymous_3)","decl":{"start":{"line":557,"column":0},"end":{"line":557,"column":null}},"loc":{"start":{"line":557,"column":0},"end":{"line":559,"column":null}}},"4":{"name":"(anonymous_4)","decl":{"start":{"line":561,"column":0},"end":{"line":561,"column":null}},"loc":{"start":{"line":561,"column":0},"end":{"line":571,"column":null}}},"5":{"name":"(anonymous_5)","decl":{"start":{"line":574,"column":0},"end":{"line":574,"column":null}},"loc":{"start":{"line":574,"column":0},"end":{"line":577,"column":null}}},"6":{"name":"(anonymous_6)","decl":{"start":{"line":578,"column":0},"end":{"line":578,"column":null}},"loc":{"start":{"line":578,"column":0},"end":{"line":589,"column":null}}},"7":{"name":"(anonymous_7)","decl":{"start":{"line":590,"column":0},"end":{"line":590,"column":null}},"loc":{"start":{"line":590,"column":0},"end":{"line":611,"column":null}}},"8":{"name":"(anonymous_8)","decl":{"start":{"line":612,"column":0},"end":{"line":612,"column":null}},"loc":{"start":{"line":612,"column":0},"end":{"line":614,"column":null}}},"9":{"name":"(anonymous_9)","decl":{"start":{"line":615,"column":0},"end":{"line":615,"column":null}},"loc":{"start":{"line":615,"column":0},"end":{"line":674,"column":null}}},"10":{"name":"(anonymous_10)","decl":{"start":{"line":665,"column":0},"end":{"line":665,"column":null}},"loc":{"start":{"line":665,"column":0},"end":{"line":665,"column":null}}},"11":{"name":"(anonymous_11)","decl":{"start":{"line":666,"column":0},"end":{"line":666,"column":null}},"loc":{"start":{"line":666,"column":0},"end":{"line":666,"column":null}}},"12":{"name":"(anonymous_12)","decl":{"start":{"line":675,"column":0},"end":{"line":675,"column":null}},"loc":{"start":{"line":675,"column":0},"end":{"line":677,"column":null}}},"13":{"name":"(anonymous_13)","decl":{"start":{"line":678,"column":0},"end":{"line":678,"column":null}},"loc":{"start":{"line":678,"column":0},"end":{"line":680,"column":null}}},"14":{"name":"(anonymous_14)","decl":{"start":{"line":681,"column":0},"end":{"line":681,"column":null}},"loc":{"start":{"line":681,"column":0},"end":{"line":683,"column":null}}},"15":{"name":"(anonymous_15)","decl":{"start":{"line":684,"column":0},"end":{"line":684,"column":null}},"loc":{"start":{"line":684,"column":0},"end":{"line":686,"column":null}}},"16":{"name":"(anonymous_16)","decl":{"start":{"line":688,"column":0},"end":{"line":688,"column":null}},"loc":{"start":{"line":688,"column":0},"end":{"line":721,"column":null}}},"17":{"name":"(anonymous_17)","decl":{"start":{"line":710,"column":0},"end":{"line":710,"column":null}},"loc":{"start":{"line":710,"column":0},"end":{"line":710,"column":null}}},"18":{"name":"(anonymous_19)","decl":{"start":{"line":712,"column":0},"end":{"line":712,"column":null}},"loc":{"start":{"line":712,"column":0},"end":{"line":712,"column":null}}},"19":{"name":"(anonymous_21)","decl":{"start":{"line":714,"column":0},"end":{"line":714,"column":null}},"loc":{"start":{"line":714,"column":0},"end":{"line":714,"column":null}}},"20":{"name":"(anonymous_23)","decl":{"start":{"line":722,"column":0},"end":{"line":722,"column":null}},"loc":{"start":{"line":722,"column":0},"end":{"line":743,"column":null}}},"21":{"name":"(anonymous_24)","decl":{"start":{"line":736,"column":0},"end":{"line":736,"column":null}},"loc":{"start":{"line":736,"column":0},"end":{"line":736,"column":null}}},"22":{"name":"(anonymous_26)","decl":{"start":{"line":744,"column":0},"end":{"line":744,"column":null}},"loc":{"start":{"line":744,"column":0},"end":{"line":754,"column":null}}},"23":{"name":"(anonymous_27)","decl":{"start":{"line":757,"column":0},"end":{"line":757,"column":null}},"loc":{"start":{"line":757,"column":0},"end":{"line":759,"column":null}}},"24":{"name":"(anonymous_28)","decl":{"start":{"line":760,"column":0},"end":{"line":760,"column":null}},"loc":{"start":{"line":760,"column":0},"end":{"line":774,"column":null}}},"25":{"name":"(anonymous_29)","decl":{"start":{"line":764,"column":0},"end":{"line":764,"column":null}},"loc":{"start":{"line":764,"column":0},"end":{"line":773,"column":null}}}},"branchMap":{"0":{"loc":{"start":{"line":580,"column":0},"end":{"line":581,"column":null}},"type":"switch","locations":[{"start":{"line":580,"column":0},"end":{"line":581,"column":null}},{"start":{"line":582,"column":0},"end":{"line":583,"column":null}},{"start":{"line":584,"column":0},"end":{"line":585,"column":null}},{"start":{"line":586,"column":0},"end":{"line":587,"column":null}}]},"1":{"loc":{"start":{"line":592,"column":0},"end":{"line":593,"column":null}},"type":"switch","locations":[{"start":{"line":592,"column":0},"end":{"line":593,"column":null}},{"start":{"line":594,"column":0},"end":{"line":595,"column":null}},{"start":{"line":596,"column":0},"end":{"line":597,"column":null}},{"start":{"line":598,"column":0},"end":{"line":599,"column":null}},{"start":{"line":600,"column":0},"end":{"line":601,"column":null}},{"start":{"line":602,"column":0},"end":{"line":603,"column":null}},{"start":{"line":604,"column":0},"end":{"line":605,"column":null}},{"start":{"line":606,"column":0},"end":{"line":607,"column":null}},{"start":{"line":608,"column":0},"end":{"line":609,"column":null}}]},"2":{"loc":{"start":{"line":618,"column":0},"end":{"line":629,"column":null}},"type":"if","locations":[{"start":{"line":618,"column":0},"end":{"line":629,"column":null}},{"start":{"line":618,"column":0},"end":{"line":629,"column":null}}]},"3":{"loc":{"start":{"line":618,"column":0},"end":{"line":618,"column":null}},"type":"binary-expr","locations":[{"start":{"line":618,"column":0},"end":{"line":618,"column":null}},{"start":{"line":619,"column":0},"end":{"line":619,"column":null}},{"start":{"line":620,"column":0},"end":{"line":620,"column":null}},{"start":{"line":621,"column":0},"end":{"line":621,"column":null}}]},"4":{"loc":{"start":{"line":646,"column":0},"end":{"line":668,"column":null}},"type":"if","locations":[{"start":{"line":646,"column":0},"end":{"line":668,"column":null}},{"start":{"line":646,"column":0},"end":{"line":668,"column":null}}]},"5":{"loc":{"start":{"line":657,"column":0},"end":{"line":668,"column":null}},"type":"if","locations":[{"start":{"line":657,"column":0},"end":{"line":668,"column":null}},{"start":{"line":657,"column":0},"end":{"line":668,"column":null}}]},"6":{"loc":{"start":{"line":671,"column":0},"end":{"line":673,"column":null}},"type":"if","locations":[{"start":{"line":671,"column":0},"end":{"line":673,"column":null}},{"start":{"line":671,"column":0},"end":{"line":673,"column":null}}]},"7":{"loc":{"start":{"line":690,"column":0},"end":{"line":720,"column":null}},"type":"if","locations":[{"start":{"line":690,"column":0},"end":{"line":720,"column":null}},{"start":{"line":690,"column":0},"end":{"line":720,"column":null}}]},"8":{"loc":{"start":{"line":690,"column":0},"end":{"line":690,"column":null}},"type":"binary-expr","locations":[{"start":{"line":690,"column":0},"end":{"line":690,"column":null}},{"start":{"line":690,"column":0},"end":{"line":690,"column":null}},{"start":{"line":690,"column":0},"end":{"line":690,"column":null}}]},"9":{"loc":{"start":{"line":704,"column":0},"end":{"line":718,"column":null}},"type":"if","locations":[{"start":{"line":704,"column":0},"end":{"line":718,"column":null}},{"start":{"line":704,"column":0},"end":{"line":718,"column":null}}]},"10":{"loc":{"start":{"line":709,"column":0},"end":{"line":713,"column":null}},"type":"if","locations":[{"start":{"line":709,"column":0},"end":{"line":713,"column":null}},{"start":{"line":709,"column":0},"end":{"line":713,"column":null}}]},"11":{"loc":{"start":{"line":724,"column":0},"end":{"line":742,"column":null}},"type":"if","locations":[{"start":{"line":724,"column":0},"end":{"line":742,"column":null}},{"start":{"line":724,"column":0},"end":{"line":742,"column":null}}]},"12":{"loc":{"start":{"line":724,"column":0},"end":{"line":724,"column":null}},"type":"binary-expr","locations":[{"start":{"line":724,"column":0},"end":{"line":724,"column":null}},{"start":{"line":724,"column":0},"end":{"line":724,"column":null}},{"start":{"line":724,"column":0},"end":{"line":724,"column":null}}]},"13":{"loc":{"start":{"line":731,"column":0},"end":{"line":740,"column":null}},"type":"if","locations":[{"start":{"line":731,"column":0},"end":{"line":740,"column":null}},{"start":{"line":731,"column":0},"end":{"line":740,"column":null}}]}},"s":{"0":12,"1":0,"2":36,"3":36,"4":0,"5":0,"6":0,"7":0,"8":0,"9":0,"10":0,"11":0,"12":0,"13":0,"14":0,"15":162,"16":0,"17":0,"18":0,"19":162,"20":0,"21":0,"22":0,"23":0,"24":0,"25":0,"26":0,"27":0,"28":0,"29":0,"30":540,"31":0,"32":0,"33":0,"34":0,"35":0,"36":0,"37":0,"38":0,"39":0,"40":0,"41":0,"42":0,"43":0,"44":0,"45":0,"46":0,"47":0,"48":0,"49":0,"50":0,"51":0,"52":0,"53":0,"54":0,"55":0,"56":0,"57":0,"58":0,"59":0,"60":0,"61":0,"62":0,"63":0,"64":0,"65":0,"66":0,"67":0,"68":0,"69":0,"70":0,"71":0,"72":0,"73":0,"74":0,"75":0,"76":0,"77":0,"78":0,"79":0,"80":36,"81":36,"82":36,"83":36,"84":36,"85":36,"86":36,"87":36,"88":0,"89":0,"90":0,"91":0,"92":0,"93":0,"94":0},"f":{"0":12,"1":0,"2":36,"3":36,"4":0,"5":0,"6":162,"7":0,"8":540,"9":0,"10":0,"11":0,"12":0,"13":0,"14":0,"15":0,"16":0,"17":0,"18":0,"19":0,"20":0,"21":0,"22":36,"23":0,"24":0,"25":0},"b":{"0":[0,0,0,162],"1":[0,0,0,0,0,0,0,0,0],"2":[0,0],"3":[0,0,0,0],"4":[0,0],"5":[0,0],"6":[0,0],"7":[0,0],"8":[0,0,0],"9":[0,0],"10":[0,0],"11":[0,0],"12":[0,0,0],"13":[0,0]}}
,"/codebuild/output/src026986662/src/SmartDogHouse-WebApp/src/components/DogsManager.vue": {"path":"/codebuild/output/src026986662/src/SmartDogHouse-WebApp/src/components/DogsManager.vue","statementMap":{"0":{"start":{"line":120,"column":0},"end":{"line":120,"column":null}},"1":{"start":{"line":122,"column":0},"end":{"line":144,"column":null}},"2":{"start":{"line":133,"column":0},"end":{"line":133,"column":null}},"3":{"start":{"line":134,"column":0},"end":{"line":134,"column":null}},"4":{"start":{"line":137,"column":0},"end":{"line":137,"column":null}},"5":{"start":{"line":138,"column":0},"end":{"line":138,"column":null}},"6":{"start":{"line":141,"column":0},"end":{"line":141,"column":null}},"7":{"start":{"line":142,"column":0},"end":{"line":142,"column":null}},"8":{"start":{"line":147,"column":0},"end":{"line":147,"column":null}},"9":{"start":{"line":148,"column":0},"end":{"line":150,"column":null}},"10":{"start":{"line":149,"column":0},"end":{"line":149,"column":null}},"11":{"start":{"line":153,"column":0},"end":{"line":159,"column":null}},"12":{"start":{"line":161,"column":0},"end":{"line":161,"column":null}},"13":{"start":{"line":162,"column":0},"end":{"line":165,"column":null}},"14":{"start":{"line":163,"column":0},"end":{"line":163,"column":null}},"15":{"start":{"line":164,"column":0},"end":{"line":164,"column":null}}},"fnMap":{"0":{"name":"(anonymous_0)","decl":{"start":{"line":122,"column":0},"end":{"line":122,"column":null}},"loc":{"start":{"line":122,"column":0},"end":{"line":144,"column":null}}},"1":{"name":"(anonymous_1)","decl":{"start":{"line":133,"column":0},"end":{"line":133,"column":null}},"loc":{"start":{"line":133,"column":0},"end":{"line":133,"column":null}}},"2":{"name":"(anonymous_2)","decl":{"start":{"line":134,"column":0},"end":{"line":134,"column":null}},"loc":{"start":{"line":134,"column":0},"end":{"line":134,"column":null}}},"3":{"name":"(anonymous_3)","decl":{"start":{"line":137,"column":0},"end":{"line":137,"column":null}},"loc":{"start":{"line":137,"column":0},"end":{"line":137,"column":null}}},"4":{"name":"(anonymous_4)","decl":{"start":{"line":138,"column":0},"end":{"line":138,"column":null}},"loc":{"start":{"line":138,"column":0},"end":{"line":138,"column":null}}},"5":{"name":"(anonymous_5)","decl":{"start":{"line":141,"column":0},"end":{"line":141,"column":null}},"loc":{"start":{"line":141,"column":0},"end":{"line":141,"column":null}}},"6":{"name":"(anonymous_6)","decl":{"start":{"line":142,"column":0},"end":{"line":142,"column":null}},"loc":{"start":{"line":142,"column":0},"end":{"line":142,"column":null}}},"7":{"name":"(anonymous_7)","decl":{"start":{"line":146,"column":0},"end":{"line":146,"column":null}},"loc":{"start":{"line":146,"column":0},"end":{"line":151,"column":null}}},"8":{"name":"(anonymous_8)","decl":{"start":{"line":152,"column":0},"end":{"line":152,"column":null}},"loc":{"start":{"line":152,"column":0},"end":{"line":166,"column":null}}}},"branchMap":{"0":{"loc":{"start":{"line":133,"column":0},"end":{"line":133,"column":null}},"type":"binary-expr","locations":[{"start":{"line":133,"column":0},"end":{"line":133,"column":null}},{"start":{"line":133,"column":0},"end":{"line":133,"column":null}}]},"1":{"loc":{"start":{"line":134,"column":0},"end":{"line":134,"column":null}},"type":"binary-expr","locations":[{"start":{"line":134,"column":0},"end":{"line":134,"column":null}},{"start":{"line":134,"column":0},"end":{"line":134,"column":null}},{"start":{"line":134,"column":0},"end":{"line":134,"column":null}}]},"2":{"loc":{"start":{"line":137,"column":0},"end":{"line":137,"column":null}},"type":"binary-expr","locations":[{"start":{"line":137,"column":0},"end":{"line":137,"column":null}},{"start":{"line":137,"column":0},"end":{"line":137,"column":null}}]},"3":{"loc":{"start":{"line":138,"column":0},"end":{"line":138,"column":null}},"type":"binary-expr","locations":[{"start":{"line":138,"column":0},"end":{"line":138,"column":null}},{"start":{"line":138,"column":0},"end":{"line":138,"column":null}},{"start":{"line":138,"column":0},"end":{"line":138,"column":null}}]},"4":{"loc":{"start":{"line":141,"column":0},"end":{"line":141,"column":null}},"type":"binary-expr","locations":[{"start":{"line":141,"column":0},"end":{"line":141,"column":null}},{"start":{"line":141,"column":0},"end":{"line":141,"column":null}}]},"5":{"loc":{"start":{"line":142,"column":0},"end":{"line":142,"column":null}},"type":"binary-expr","locations":[{"start":{"line":142,"column":0},"end":{"line":142,"column":null}},{"start":{"line":142,"column":0},"end":{"line":142,"column":null}},{"start":{"line":142,"column":0},"end":{"line":142,"column":null}}]},"6":{"loc":{"start":{"line":148,"column":0},"end":{"line":150,"column":null}},"type":"if","locations":[{"start":{"line":148,"column":0},"end":{"line":150,"column":null}},{"start":{"line":148,"column":0},"end":{"line":150,"column":null}}]},"7":{"loc":{"start":{"line":162,"column":0},"end":{"line":165,"column":null}},"type":"if","locations":[{"start":{"line":162,"column":0},"end":{"line":165,"column":null}},{"start":{"line":162,"column":0},"end":{"line":165,"column":null}}]}},"s":{"0":12,"1":36,"2":9,"3":9,"4":9,"5":9,"6":5,"7":5,"8":1,"9":1,"10":1,"11":1,"12":1,"13":1,"14":1,"15":1},"f":{"0":36,"1":9,"2":9,"3":9,"4":9,"5":5,"6":5,"7":1,"8":1},"b":{"0":[9,1],"1":[9,8,1],"2":[9,1],"3":[9,8,1],"4":[5,1],"5":[5,4,1],"6":[1,0],"7":[1,0]}}
,"/codebuild/output/src026986662/src/SmartDogHouse-WebApp/src/components/EnvStats.vue": {"path":"/codebuild/output/src026986662/src/SmartDogHouse-WebApp/src/components/EnvStats.vue","statementMap":{"0":{"start":{"line":24,"column":0},"end":{"line":25,"column":null}}},"fnMap":{"0":{"name":"(anonymous_0)","decl":{"start":{"line":23,"column":0},"end":{"line":23,"column":null}},"loc":{"start":{"line":23,"column":0},"end":{"line":26,"column":null}}}},"branchMap":{},"s":{"0":26},"f":{"0":26},"b":{}}
,"/codebuild/output/src026986662/src/SmartDogHouse-WebApp/src/components/LoginForm.vue": {"path":"/codebuild/output/src026986662/src/SmartDogHouse-WebApp/src/components/LoginForm.vue","statementMap":{"0":{"start":{"line":38,"column":0},"end":{"line":53,"column":null}},"1":{"start":{"line":42,"column":0},"end":{"line":42,"column":null}},"2":{"start":{"line":43,"column":0},"end":{"line":43,"column":null}},"3":{"start":{"line":47,"column":0},"end":{"line":47,"column":null}},"4":{"start":{"line":48,"column":0},"end":{"line":48,"column":null}},"5":{"start":{"line":56,"column":0},"end":{"line":56,"column":null}}},"fnMap":{"0":{"name":"(anonymous_0)","decl":{"start":{"line":38,"column":0},"end":{"line":38,"column":null}},"loc":{"start":{"line":38,"column":0},"end":{"line":53,"column":null}}},"1":{"name":"(anonymous_1)","decl":{"start":{"line":42,"column":0},"end":{"line":42,"column":null}},"loc":{"start":{"line":42,"column":0},"end":{"line":42,"column":null}}},"2":{"name":"(anonymous_2)","decl":{"start":{"line":43,"column":0},"end":{"line":43,"column":null}},"loc":{"start":{"line":43,"column":0},"end":{"line":43,"column":null}}},"3":{"name":"(anonymous_3)","decl":{"start":{"line":47,"column":0},"end":{"line":47,"column":null}},"loc":{"start":{"line":47,"column":0},"end":{"line":47,"column":null}}},"4":{"name":"(anonymous_4)","decl":{"start":{"line":48,"column":0},"end":{"line":48,"column":null}},"loc":{"start":{"line":48,"column":0},"end":{"line":48,"column":null}}},"5":{"name":"(anonymous_5)","decl":{"start":{"line":55,"column":0},"end":{"line":55,"column":null}},"loc":{"start":{"line":55,"column":0},"end":{"line":58,"column":null}}},"6":{"name":"(anonymous_6)","decl":{"start":{"line":56,"column":0},"end":{"line":56,"column":null}},"loc":{"start":{"line":56,"column":0},"end":{"line":56,"column":null}}}},"branchMap":{"0":{"loc":{"start":{"line":42,"column":0},"end":{"line":42,"column":null}},"type":"binary-expr","locations":[{"start":{"line":42,"column":0},"end":{"line":42,"column":null}},{"start":{"line":42,"column":0},"end":{"line":42,"column":null}}]},"1":{"loc":{"start":{"line":43,"column":0},"end":{"line":43,"column":null}},"type":"binary-expr","locations":[{"start":{"line":43,"column":0},"end":{"line":43,"column":null}},{"start":{"line":43,"column":0},"end":{"line":43,"column":null}},{"start":{"line":43,"column":0},"end":{"line":43,"column":null}}]},"2":{"loc":{"start":{"line":47,"column":0},"end":{"line":47,"column":null}},"type":"binary-expr","locations":[{"start":{"line":47,"column":0},"end":{"line":47,"column":null}},{"start":{"line":47,"column":0},"end":{"line":47,"column":null}}]},"3":{"loc":{"start":{"line":48,"column":0},"end":{"line":48,"column":null}},"type":"binary-expr","locations":[{"start":{"line":48,"column":0},"end":{"line":48,"column":null}},{"start":{"line":48,"column":0},"end":{"line":48,"column":null}}]}},"s":{"0":5,"1":0,"2":0,"3":0,"4":0,"5":2},"f":{"0":5,"1":0,"2":0,"3":0,"4":0,"5":2,"6":0},"b":{"0":[0,0],"1":[0,0,0],"2":[0,0],"3":[0,0]}}
,"/codebuild/output/src026986662/src/SmartDogHouse-WebApp/src/components/NotificationsTab.vue": {"path":"/codebuild/output/src026986662/src/SmartDogHouse-WebApp/src/components/NotificationsTab.vue","statementMap":{"0":{"start":{"line":36,"column":0},"end":{"line":37,"column":null}},"1":{"start":{"line":41,"column":0},"end":{"line":41,"column":null}}},"fnMap":{"0":{"name":"(anonymous_0)","decl":{"start":{"line":35,"column":0},"end":{"line":35,"column":null}},"loc":{"start":{"line":35,"column":0},"end":{"line":38,"column":null}}},"1":{"name":"(anonymous_1)","decl":{"start":{"line":40,"column":0},"end":{"line":40,"column":null}},"loc":{"start":{"line":40,"column":0},"end":{"line":42,"column":null}}}},"branchMap":{},"s":{"0":39,"1":0},"f":{"0":39,"1":0},"b":{}}
,"/codebuild/output/src026986662/src/SmartDogHouse-WebApp/src/components/StatsChart.vue": {"path":"/codebuild/output/src026986662/src/SmartDogHouse-WebApp/src/components/StatsChart.vue","statementMap":{"0":{"start":{"line":93,"column":0},"end":{"line":93,"column":null}},"1":{"start":{"line":105,"column":0},"end":{"line":107,"column":null}}},"fnMap":{"0":{"name":"(anonymous_0)","decl":{"start":{"line":105,"column":0},"end":{"line":105,"column":null}},"loc":{"start":{"line":105,"column":0},"end":{"line":107,"column":null}}}},"branchMap":{},"s":{"0":12,"1":96},"f":{"0":96},"b":{}}
,"/codebuild/output/src026986662/src/SmartDogHouse-WebApp/src/views/Home.vue": {"path":"/codebuild/output/src026986662/src/SmartDogHouse-WebApp/src/views/Home.vue","statementMap":{"0":{"start":{"line":141,"column":0},"end":{"line":141,"column":null}},"1":{"start":{"line":142,"column":0},"end":{"line":142,"column":null}},"2":{"start":{"line":143,"column":0},"end":{"line":143,"column":null}},"3":{"start":{"line":144,"column":0},"end":{"line":144,"column":null}},"4":{"start":{"line":145,"column":0},"end":{"line":145,"column":null}},"5":{"start":{"line":146,"column":0},"end":{"line":146,"column":null}},"6":{"start":{"line":148,"column":0},"end":{"line":160,"column":null}},"7":{"start":{"line":163,"column":0},"end":{"line":163,"column":null}},"8":{"start":{"line":164,"column":0},"end":{"line":164,"column":null}},"9":{"start":{"line":166,"column":0},"end":{"line":168,"column":null}},"10":{"start":{"line":167,"column":0},"end":{"line":167,"column":null}},"11":{"start":{"line":170,"column":0},"end":{"line":170,"column":null}},"12":{"start":{"line":171,"column":0},"end":{"line":175,"column":null}},"13":{"start":{"line":172,"column":0},"end":{"line":174,"column":null}},"14":{"start":{"line":173,"column":0},"end":{"line":173,"column":null}},"15":{"start":{"line":177,"column":0},"end":{"line":183,"column":null}},"16":{"start":{"line":184,"column":0},"end":{"line":184,"column":null}},"17":{"start":{"line":186,"column":0},"end":{"line":186,"column":null}},"18":{"start":{"line":187,"column":0},"end":{"line":187,"column":null}},"19":{"start":{"line":191,"column":0},"end":{"line":191,"column":null}},"20":{"start":{"line":192,"column":0},"end":{"line":192,"column":null}},"21":{"start":{"line":197,"column":0},"end":{"line":197,"column":null}},"22":{"start":{"line":200,"column":0},"end":{"line":200,"column":null}},"23":{"start":{"line":201,"column":0},"end":{"line":201,"column":null}},"24":{"start":{"line":206,"column":0},"end":{"line":206,"column":null}},"25":{"start":{"line":208,"column":0},"end":{"line":208,"column":null}},"26":{"start":{"line":209,"column":0},"end":{"line":209,"column":null}},"27":{"start":{"line":210,"column":0},"end":{"line":210,"column":null}},"28":{"start":{"line":211,"column":0},"end":{"line":211,"column":null}},"29":{"start":{"line":212,"column":0},"end":{"line":212,"column":null}},"30":{"start":{"line":213,"column":0},"end":{"line":213,"column":null}},"31":{"start":{"line":214,"column":0},"end":{"line":214,"column":null}},"32":{"start":{"line":215,"column":0},"end":{"line":215,"column":null}},"33":{"start":{"line":216,"column":0},"end":{"line":216,"column":null}},"34":{"start":{"line":218,"column":0},"end":{"line":219,"column":null}},"35":{"start":{"line":221,"column":0},"end":{"line":222,"column":null}},"36":{"start":{"line":224,"column":0},"end":{"line":227,"column":null}},"37":{"start":{"line":225,"column":0},"end":{"line":225,"column":null}},"38":{"start":{"line":226,"column":0},"end":{"line":226,"column":null}},"39":{"start":{"line":228,"column":0},"end":{"line":231,"column":null}},"40":{"start":{"line":229,"column":0},"end":{"line":229,"column":null}},"41":{"start":{"line":230,"column":0},"end":{"line":230,"column":null}},"42":{"start":{"line":232,"column":0},"end":{"line":232,"column":null}},"43":{"start":{"line":236,"column":0},"end":{"line":236,"column":null}},"44":{"start":{"line":237,"column":0},"end":{"line":239,"column":null}},"45":{"start":{"line":238,"column":0},"end":{"line":238,"column":null}},"46":{"start":{"line":242,"column":0},"end":{"line":242,"column":null}},"47":{"start":{"line":243,"column":0},"end":{"line":250,"column":null}},"48":{"start":{"line":244,"column":0},"end":{"line":244,"column":null}},"49":{"start":{"line":245,"column":0},"end":{"line":245,"column":null}},"50":{"start":{"line":247,"column":0},"end":{"line":247,"column":null}},"51":{"start":{"line":249,"column":0},"end":{"line":249,"column":null}},"52":{"start":{"line":253,"column":0},"end":{"line":253,"column":null}},"53":{"start":{"line":256,"column":0},"end":{"line":256,"column":null}},"54":{"start":{"line":257,"column":0},"end":{"line":260,"column":null}},"55":{"start":{"line":263,"column":0},"end":{"line":263,"column":null}},"56":{"start":{"line":266,"column":0},"end":{"line":266,"column":null}},"57":{"start":{"line":267,"column":0},"end":{"line":267,"column":null}},"58":{"start":{"line":268,"column":0},"end":{"line":273,"column":null}},"59":{"start":{"line":269,"column":0},"end":{"line":269,"column":null}},"60":{"start":{"line":270,"column":0},"end":{"line":270,"column":null}},"61":{"start":{"line":271,"column":0},"end":{"line":271,"column":null}},"62":{"start":{"line":272,"column":0},"end":{"line":272,"column":null}}},"fnMap":{"0":{"name":"(anonymous_0)","decl":{"start":{"line":141,"column":0},"end":{"line":141,"column":null}},"loc":{"start":{"line":141,"column":0},"end":{"line":141,"column":null}}},"1":{"name":"(anonymous_1)","decl":{"start":{"line":142,"column":0},"end":{"line":142,"column":null}},"loc":{"start":{"line":142,"column":0},"end":{"line":142,"column":null}}},"2":{"name":"(anonymous_2)","decl":{"start":{"line":143,"column":0},"end":{"line":143,"column":null}},"loc":{"start":{"line":143,"column":0},"end":{"line":143,"column":null}}},"3":{"name":"(anonymous_3)","decl":{"start":{"line":144,"column":0},"end":{"line":144,"column":null}},"loc":{"start":{"line":144,"column":0},"end":{"line":144,"column":null}}},"4":{"name":"(anonymous_4)","decl":{"start":{"line":145,"column":0},"end":{"line":145,"column":null}},"loc":{"start":{"line":145,"column":0},"end":{"line":145,"column":null}}},"5":{"name":"(anonymous_5)","decl":{"start":{"line":146,"column":0},"end":{"line":146,"column":null}},"loc":{"start":{"line":146,"column":0},"end":{"line":146,"column":null}}},"6":{"name":"(anonymous_6)","decl":{"start":{"line":148,"column":0},"end":{"line":148,"column":null}},"loc":{"start":{"line":148,"column":0},"end":{"line":160,"column":null}}},"7":{"name":"(anonymous_7)","decl":{"start":{"line":162,"column":0},"end":{"line":162,"column":null}},"loc":{"start":{"line":162,"column":0},"end":{"line":188,"column":null}}},"8":{"name":"(anonymous_8)","decl":{"start":{"line":166,"column":0},"end":{"line":166,"column":null}},"loc":{"start":{"line":166,"column":0},"end":{"line":168,"column":null}}},"9":{"name":"(anonymous_9)","decl":{"start":{"line":171,"column":0},"end":{"line":171,"column":null}},"loc":{"start":{"line":171,"column":0},"end":{"line":175,"column":null}}},"10":{"name":"(anonymous_10)","decl":{"start":{"line":190,"column":0},"end":{"line":190,"column":null}},"loc":{"start":{"line":190,"column":0},"end":{"line":193,"column":null}}},"11":{"name":"(anonymous_11)","decl":{"start":{"line":191,"column":0},"end":{"line":191,"column":null}},"loc":{"start":{"line":191,"column":0},"end":{"line":191,"column":null}}},"12":{"name":"(anonymous_12)","decl":{"start":{"line":196,"column":0},"end":{"line":196,"column":null}},"loc":{"start":{"line":196,"column":0},"end":{"line":198,"column":null}}},"13":{"name":"(anonymous_13)","decl":{"start":{"line":199,"column":0},"end":{"line":199,"column":null}},"loc":{"start":{"line":199,"column":0},"end":{"line":202,"column":null}}},"14":{"name":"(anonymous_14)","decl":{"start":{"line":200,"column":0},"end":{"line":200,"column":null}},"loc":{"start":{"line":200,"column":0},"end":{"line":200,"column":null}}},"15":{"name":"(anonymous_15)","decl":{"start":{"line":201,"column":0},"end":{"line":201,"column":null}},"loc":{"start":{"line":201,"column":0},"end":{"line":201,"column":null}}},"16":{"name":"(anonymous_16)","decl":{"start":{"line":205,"column":0},"end":{"line":205,"column":null}},"loc":{"start":{"line":205,"column":0},"end":{"line":234,"column":null}}},"17":{"name":"(anonymous_17)","decl":{"start":{"line":208,"column":0},"end":{"line":208,"column":null}},"loc":{"start":{"line":208,"column":0},"end":{"line":208,"column":null}}},"18":{"name":"(anonymous_18)","decl":{"start":{"line":235,"column":0},"end":{"line":235,"column":null}},"loc":{"start":{"line":235,"column":0},"end":{"line":240,"column":null}}},"19":{"name":"(anonymous_19)","decl":{"start":{"line":241,"column":0},"end":{"line":241,"column":null}},"loc":{"start":{"line":241,"column":0},"end":{"line":251,"column":null}}},"20":{"name":"(anonymous_20)","decl":{"start":{"line":245,"column":0},"end":{"line":245,"column":null}},"loc":{"start":{"line":245,"column":0},"end":{"line":245,"column":null}}},"21":{"name":"(anonymous_21)","decl":{"start":{"line":252,"column":0},"end":{"line":252,"column":null}},"loc":{"start":{"line":252,"column":0},"end":{"line":254,"column":null}}},"22":{"name":"(anonymous_22)","decl":{"start":{"line":253,"column":0},"end":{"line":253,"column":null}},"loc":{"start":{"line":253,"column":0},"end":{"line":253,"column":null}}},"23":{"name":"(anonymous_23)","decl":{"start":{"line":255,"column":0},"end":{"line":255,"column":null}},"loc":{"start":{"line":255,"column":0},"end":{"line":261,"column":null}}},"24":{"name":"(anonymous_24)","decl":{"start":{"line":262,"column":0},"end":{"line":262,"column":null}},"loc":{"start":{"line":262,"column":0},"end":{"line":264,"column":null}}},"25":{"name":"(anonymous_25)","decl":{"start":{"line":265,"column":0},"end":{"line":265,"column":null}},"loc":{"start":{"line":265,"column":0},"end":{"line":275,"column":null}}},"26":{"name":"(anonymous_26)","decl":{"start":{"line":266,"column":0},"end":{"line":266,"column":null}},"loc":{"start":{"line":266,"column":0},"end":{"line":266,"column":null}}},"27":{"name":"(anonymous_27)","decl":{"start":{"line":268,"column":0},"end":{"line":268,"column":null}},"loc":{"start":{"line":268,"column":0},"end":{"line":273,"column":null}}}},"branchMap":{"0":{"loc":{"start":{"line":172,"column":0},"end":{"line":174,"column":null}},"type":"if","locations":[{"start":{"line":172,"column":0},"end":{"line":174,"column":null}},{"start":{"line":172,"column":0},"end":{"line":174,"column":null}}]},"1":{"loc":{"start":{"line":224,"column":0},"end":{"line":227,"column":null}},"type":"if","locations":[{"start":{"line":224,"column":0},"end":{"line":227,"column":null}},{"start":{"line":224,"column":0},"end":{"line":227,"column":null}}]},"2":{"loc":{"start":{"line":228,"column":0},"end":{"line":231,"column":null}},"type":"if","locations":[{"start":{"line":228,"column":0},"end":{"line":231,"column":null}},{"start":{"line":228,"column":0},"end":{"line":231,"column":null}}]},"3":{"loc":{"start":{"line":228,"column":0},"end":{"line":228,"column":null}},"type":"binary-expr","locations":[{"start":{"line":228,"column":0},"end":{"line":228,"column":null}},{"start":{"line":228,"column":0},"end":{"line":228,"column":null}}]},"4":{"loc":{"start":{"line":237,"column":0},"end":{"line":239,"column":null}},"type":"if","locations":[{"start":{"line":237,"column":0},"end":{"line":239,"column":null}},{"start":{"line":237,"column":0},"end":{"line":239,"column":null}}]},"5":{"loc":{"start":{"line":243,"column":0},"end":{"line":250,"column":null}},"type":"if","locations":[{"start":{"line":243,"column":0},"end":{"line":250,"column":null}},{"start":{"line":243,"column":0},"end":{"line":250,"column":null}}]},"6":{"loc":{"start":{"line":245,"column":0},"end":{"line":245,"column":null}},"type":"cond-expr","locations":[{"start":{"line":245,"column":0},"end":{"line":245,"column":null}},{"start":{"line":245,"column":0},"end":{"line":245,"column":null}}]}},"s":{"0":14,"1":14,"2":14,"3":14,"4":14,"5":14,"6":14,"7":14,"8":14,"9":14,"10":12,"11":14,"12":14,"13":0,"14":0,"15":14,"16":12,"17":12,"18":12,"19":1,"20":1,"21":0,"22":49,"23":49,"24":0,"25":0,"26":0,"27":0,"28":0,"29":0,"30":0,"31":0,"32":0,"33":0,"34":0,"35":0,"36":0,"37":0,"38":0,"39":0,"40":0,"41":0,"42":0,"43":1,"44":0,"45":0,"46":0,"47":0,"48":0,"49":0,"50":0,"51":0,"52":1,"53":1,"54":1,"55":22,"56":0,"57":0,"58":0,"59":0,"60":0,"61":0,"62":0},"f":{"0":14,"1":14,"2":14,"3":14,"4":14,"5":14,"6":14,"7":14,"8":12,"9":0,"10":1,"11":1,"12":0,"13":12,"14":37,"15":37,"16":0,"17":0,"18":1,"19":0,"20":0,"21":1,"22":0,"23":1,"24":22,"25":0,"26":0,"27":0},"b":{"0":[0,0],"1":[0,0],"2":[0,0],"3":[0,0],"4":[0,0],"5":[0,0],"6":[0,0]}}
,"/codebuild/output/src026986662/src/SmartDogHouse-WebApp/src/views/Login.vue": {"path":"/codebuild/output/src026986662/src/SmartDogHouse-WebApp/src/views/Login.vue","statementMap":{"0":{"start":{"line":25,"column":0},"end":{"line":25,"column":null}}},"fnMap":{"0":{"name":"(anonymous_0)","decl":{"start":{"line":25,"column":0},"end":{"line":25,"column":null}},"loc":{"start":{"line":25,"column":0},"end":{"line":25,"column":null}}}},"branchMap":{},"s":{"0":4},"f":{"0":4},"b":{}}
,"/home/runner/work/SmartDogHouse-WebApp/SmartDogHouse-WebApp/src/main.js": {"path":"/home/runner/work/SmartDogHouse-WebApp/SmartDogHouse-WebApp/src/main.js","statementMap":{"0":{"start":{"line":13,"column":16},"end":{"line":13,"column":78}},"1":{"start":{"line":15,"column":0},"end":{"line":15,"column":25}},"2":{"start":{"line":16,"column":0},"end":{"line":16,"column":23}},"3":{"start":{"line":22,"column":0},"end":{"line":22,"column":37}},"4":{"start":{"line":24,"column":0},"end":{"line":24,"column":33}},"5":{"start":{"line":25,"column":0},"end":{"line":25,"column":16}},"6":{"start":{"line":26,"column":0},"end":{"line":33,"column":18}},"7":{"start":{"line":32,"column":17},"end":{"line":32,"column":23}}},"fnMap":{"0":{"name":"(anonymous_0)","decl":{"start":{"line":32,"column":10},"end":{"line":32,"column":11}},"loc":{"start":{"line":32,"column":17},"end":{"line":32,"column":23}},"line":32}},"branchMap":{},"s":{"0":16,"1":16,"2":16,"3":16,"4":16,"5":16,"6":16,"7":16},"f":{"0":16},"b":{},"_coverageSchema":"1a1c01bbd47fc00a2c39e90264f33305004495a9","hash":"fee733c0d792fb647a3c4426b2a6cdc751d4838c"}
,"/home/runner/work/SmartDogHouse-WebApp/SmartDogHouse-WebApp/src/plugins/vuetify.js": {"path":"/home/runner/work/SmartDogHouse-WebApp/SmartDogHouse-WebApp/src/plugins/vuetify.js","statementMap":{"0":{"start":{"line":5,"column":0},"end":{"line":5,"column":17}},"1":{"start":{"line":7,"column":13},"end":{"line":7,"column":38}}},"fnMap":{},"branchMap":{},"s":{"0":16,"1":16},"f":{},"b":{},"_coverageSchema":"1a1c01bbd47fc00a2c39e90264f33305004495a9","hash":"9229072214ec812dc8c7723b8102a09f4236f067"}
,"/home/runner/work/SmartDogHouse-WebApp/SmartDogHouse-WebApp/src/router/router.js": {"path":"/home/runner/work/SmartDogHouse-WebApp/SmartDogHouse-WebApp/src/router/router.js","statementMap":{"0":{"start":{"line":6,"column":0},"end":{"line":6,"column":19}},"1":{"start":{"line":8,"column":15},"end":{"line":25,"column":1}},"2":{"start":{"line":27,"column":15},"end":{"line":31,"column":2}}},"fnMap":{},"branchMap":{},"s":{"0":16,"1":16,"2":16},"f":{},"b":{},"_coverageSchema":"1a1c01bbd47fc00a2c39e90264f33305004495a9","hash":"b7738be9835896d8e5ad1f413d0c3fbe93faf85a"}
,"/home/runner/work/SmartDogHouse-WebApp/SmartDogHouse-WebApp/src/store/store.js": {"path":"/home/runner/work/SmartDogHouse-WebApp/SmartDogHouse-WebApp/src/store/store.js","statementMap":{"0":{"start":{"line":4,"column":0},"end":{"line":4,"column":14}},"1":{"start":{"line":15,"column":6},"end":{"line":15,"column":27}},"2":{"start":{"line":18,"column":6},"end":{"line":18,"column":39}},"3":{"start":{"line":21,"column":6},"end":{"line":21,"column":88}},"4":{"start":{"line":22,"column":6},"end":{"line":22,"column":28}},"5":{"start":{"line":27,"column":6},"end":{"line":34,"column":11}},"6":{"start":{"line":30,"column":10},"end":{"line":30,"column":45}},"7":{"start":{"line":33,"column":10},"end":{"line":33,"column":33}},"8":{"start":{"line":37,"column":6},"end":{"line":37,"column":41}},"9":{"start":{"line":40,"column":6},"end":{"line":40,"column":22}}},"fnMap":{"0":{"name":"(anonymous_0)","decl":{"start":{"line":14,"column":4},"end":{"line":14,"column":5}},"loc":{"start":{"line":14,"column":30},"end":{"line":16,"column":5}},"line":14},"1":{"name":"(anonymous_1)","decl":{"start":{"line":17,"column":4},"end":{"line":17,"column":5}},"loc":{"start":{"line":17,"column":34},"end":{"line":19,"column":5}},"line":17},"2":{"name":"(anonymous_2)","decl":{"start":{"line":20,"column":4},"end":{"line":20,"column":5}},"loc":{"start":{"line":20,"column":17},"end":{"line":23,"column":5}},"line":20},"3":{"name":"(anonymous_3)","decl":{"start":{"line":26,"column":5},"end":{"line":26,"column":6}},"loc":{"start":{"line":26,"column":26},"end":{"line":35,"column":5}},"line":26},"4":{"name":"(anonymous_4)","decl":{"start":{"line":29,"column":14},"end":{"line":29,"column":15}},"loc":{"start":{"line":29,"column":28},"end":{"line":31,"column":9}},"line":29},"5":{"name":"(anonymous_5)","decl":{"start":{"line":32,"column":15},"end":{"line":32,"column":16}},"loc":{"start":{"line":32,"column":21},"end":{"line":34,"column":9}},"line":32},"6":{"name":"(anonymous_6)","decl":{"start":{"line":36,"column":4},"end":{"line":36,"column":5}},"loc":{"start":{"line":36,"column":40},"end":{"line":38,"column":5}},"line":36},"7":{"name":"(anonymous_7)","decl":{"start":{"line":39,"column":4},"end":{"line":39,"column":5}},"loc":{"start":{"line":39,"column":23},"end":{"line":41,"column":5}},"line":39}},"branchMap":{},"s":{"0":16,"1":12,"2":0,"3":0,"4":0,"5":12,"6":12,"7":0,"8":0,"9":0},"f":{"0":12,"1":0,"2":0,"3":12,"4":12,"5":0,"6":0,"7":0},"b":{},"_coverageSchema":"1a1c01bbd47fc00a2c39e90264f33305004495a9","hash":"b328becf7fcf2dcd7ceabca49e1fd66d5bbc20d8"}
}
