TN:
SF:../../../../../../codebuild/output/src026986662/src/SmartDogHouse-WebApp/src/components/AdministrationCommands.vue
FN:29,(anonymous_0)
FN:34,(anonymous_1)
FNF:2
FNH:2
FNDA:41,(anonymous_0)
FNDA:41,(anonymous_1)
DA:29,41
DA:35,41
LF:2
LH:2
BRF:0
BRH:0
end_of_record
TN:
SF:../../../../../../codebuild/output/src026986662/src/SmartDogHouse-WebApp/src/components/CameraFrame.vue
FN:51,(anonymous_0)
FN:58,(anonymous_1)
FNF:2
FNH:1
FNDA:41,(anonymous_0)
FNDA:0,(anonymous_1)
DA:52,41
DA:59,0
LF:2
LH:1
BRF:0
BRH:0
end_of_record
TN:
SF:../../../../../../codebuild/output/src026986662/src/SmartDogHouse-WebApp/src/components/DogScroller.vue
FN:60,(anonymous_0)
FN:66,(anonymous_1)
FN:84,(anonymous_2)
FN:87,(anonymous_3)
FN:91,(anonymous_4)
FN:103,(anonymous_5)
FN:106,(anonymous_6)
FNF:7
FNH:6
FNDA:41,(anonymous_0)
FNDA:123,(anonymous_1)
FNDA:927,(anonymous_2)
FNDA:357,(anonymous_3)
FNDA:927,(anonymous_4)
FNDA:0,(anonymous_5)
FNDA:3,(anonymous_6)
DA:60,41
DA:67,123
DA:85,927
DA:88,357
DA:89,357
DA:91,357
DA:92,927
DA:93,927
DA:95,927
DA:104,0
DA:107,3
LF:11
LH:10
BRF:0
BRH:0
end_of_record
TN:
SF:../../../../../../codebuild/output/src026986662/src/SmartDogHouse-WebApp/src/components/DogView.vue
FN:457,(anonymous_0)
FN:462,(anonymous_1)
FN:465,(anonymous_2)
FN:557,(anonymous_3)
FN:561,(anonymous_4)
FN:574,(anonymous_5)
FN:578,(anonymous_6)
FN:590,(anonymous_7)
FN:612,(anonymous_8)
FN:615,(anonymous_9)
FN:665,(anonymous_10)
FN:666,(anonymous_11)
FN:675,(anonymous_12)
FN:678,(anonymous_13)
FN:681,(anonymous_14)
FN:684,(anonymous_15)
FN:688,(anonymous_16)
FN:710,(anonymous_17)
FN:712,(anonymous_19)
FN:714,(anonymous_21)
FN:722,(anonymous_23)
FN:736,(anonymous_24)
FN:744,(anonymous_26)
FN:757,(anonymous_27)
FN:760,(anonymous_28)
FN:764,(anonymous_29)
FNF:26
FNH:6
FNDA:41,(anonymous_0)
FNDA:0,(anonymous_1)
FNDA:123,(anonymous_2)
FNDA:123,(anonymous_3)
FNDA:0,(anonymous_4)
FNDA:0,(anonymous_5)
FNDA:684,(anonymous_6)
FNDA:0,(anonymous_7)
FNDA:2280,(anonymous_8)
FNDA:0,(anonymous_9)
FNDA:0,(anonymous_10)
FNDA:0,(anonymous_11)
FNDA:0,(anonymous_12)
FNDA:0,(anonymous_13)
FNDA:0,(anonymous_14)
FNDA:0,(anonymous_15)
FNDA:0,(anonymous_16)
FNDA:0,(anonymous_17)
FNDA:0,(anonymous_19)
FNDA:0,(anonymous_21)
FNDA:0,(anonymous_23)
FNDA:0,(anonymous_24)
FNDA:123,(anonymous_26)
FNDA:0,(anonymous_27)
FNDA:0,(anonymous_28)
FNDA:0,(anonymous_29)
DA:457,41
DA:462,0
DA:466,123
DA:558,123
DA:562,0
DA:563,0
DA:564,0
DA:565,0
DA:566,0
DA:567,0
DA:568,0
DA:569,0
DA:570,0
DA:575,0
DA:576,0
DA:579,684
DA:581,0
DA:583,0
DA:585,0
DA:587,684
DA:591,0
DA:593,0
DA:595,0
DA:597,0
DA:599,0
DA:601,0
DA:603,0
DA:605,0
DA:607,0
DA:609,0
DA:613,2280
DA:618,0
DA:622,0
DA:632,0
DA:638,0
DA:639,0
DA:642,0
DA:646,0
DA:648,0
DA:649,0
DA:652,0
DA:657,0
DA:659,0
DA:660,0
DA:663,0
DA:665,0
DA:666,0
DA:671,0
DA:672,0
DA:676,0
DA:679,0
DA:682,0
DA:685,0
DA:689,0
DA:690,0
DA:691,0
DA:692,0
DA:693,0
DA:694,0
DA:704,0
DA:705,0
DA:709,0
DA:710,0
DA:712,0
DA:714,0
DA:715,0
DA:717,0
DA:723,0
DA:724,0
DA:725,0
DA:726,0
DA:727,0
DA:728,0
DA:731,0
DA:732,0
DA:736,0
DA:737,0
DA:739,0
DA:745,123
DA:746,123
DA:747,123
DA:748,123
DA:750,123
DA:751,123
DA:752,123
DA:753,123
DA:758,0
DA:761,0
DA:762,0
DA:764,0
DA:765,0
DA:766,0
DA:768,0
LF:93
LH:14
BRDA:580,0,0,0
BRDA:580,0,1,0
BRDA:580,0,2,0
BRDA:580,0,3,684
BRDA:592,1,0,0
BRDA:592,1,1,0
BRDA:592,1,2,0
BRDA:592,1,3,0
BRDA:592,1,4,0
BRDA:592,1,5,0
BRDA:592,1,6,0
BRDA:592,1,7,0
BRDA:592,1,8,0
BRDA:618,2,0,0
BRDA:618,2,1,0
BRDA:618,3,0,0
BRDA:618,3,1,0
BRDA:618,3,2,0
BRDA:618,3,3,0
BRDA:646,4,0,0
BRDA:646,4,1,0
BRDA:657,5,0,0
BRDA:657,5,1,0
BRDA:671,6,0,0
BRDA:671,6,1,0
BRDA:690,7,0,0
BRDA:690,7,1,0
BRDA:690,8,0,0
BRDA:690,8,1,0
BRDA:690,8,2,0
BRDA:704,9,0,0
BRDA:704,9,1,0
BRDA:709,10,0,0
BRDA:709,10,1,0
BRDA:724,11,0,0
BRDA:724,11,1,0
BRDA:724,12,0,0
BRDA:724,12,1,0
BRDA:724,12,2,0
BRDA:731,13,0,0
BRDA:731,13,1,0
BRF:41
BRH:1
end_of_record
TN:
SF:../../../../../../codebuild/output/src026986662/src/SmartDogHouse-WebApp/src/components/DogsManager.vue
FN:122,(anonymous_0)
FN:133,(anonymous_1)
FN:134,(anonymous_2)
FN:137,(anonymous_3)
FN:138,(anonymous_4)
FN:141,(anonymous_5)
FN:142,(anonymous_6)
FN:146,(anonymous_7)
FN:152,(anonymous_8)
FNF:9
FNH:9
FNDA:117,(anonymous_0)
FNDA:27,(anonymous_1)
FNDA:27,(anonymous_2)
FNDA:27,(anonymous_3)
FNDA:27,(anonymous_4)
FNDA:15,(anonymous_5)
FNDA:15,(anonymous_6)
FNDA:3,(anonymous_7)
FNDA:3,(anonymous_8)
DA:120,41
DA:122,117
DA:133,27
DA:134,27
DA:137,27
DA:138,27
DA:141,15
DA:142,15
DA:147,3
DA:148,3
DA:149,3
DA:153,3
DA:161,3
DA:162,3
DA:163,3
DA:164,3
LF:16
LH:16
BRDA:133,0,0,27
BRDA:133,0,1,3
BRDA:134,1,0,27
BRDA:134,1,1,24
BRDA:134,1,2,3
BRDA:137,2,0,27
BRDA:137,2,1,3
BRDA:138,3,0,27
BRDA:138,3,1,24
BRDA:138,3,2,3
BRDA:141,4,0,15
BRDA:141,4,1,3
BRDA:142,5,0,15
BRDA:142,5,1,12
BRDA:142,5,2,3
BRDA:148,6,0,3
BRDA:148,6,1,0
BRDA:162,7,0,3
BRDA:162,7,1,0
BRF:19
BRH:17
end_of_record
TN:
SF:../../../../../../codebuild/output/src026986662/src/SmartDogHouse-WebApp/src/components/EnvStats.vue
FN:23,(anonymous_0)
FNF:1
FNH:1
FNDA:82,(anonymous_0)
DA:24,82
LF:1
LH:1
BRF:0
BRH:0
end_of_record
TN:
SF:../../../../../../codebuild/output/src026986662/src/SmartDogHouse-WebApp/src/components/LoginForm.vue
FN:38,(anonymous_0)
FN:42,(anonymous_1)
FN:43,(anonymous_2)
FN:47,(anonymous_3)
FN:48,(anonymous_4)
FN:55,(anonymous_5)
FN:56,(anonymous_6)
FNF:7
FNH:2
FNDA:15,(anonymous_0)
FNDA:0,(anonymous_1)
FNDA:0,(anonymous_2)
FNDA:0,(anonymous_3)
FNDA:0,(anonymous_4)
FNDA:6,(anonymous_5)
FNDA:0,(anonymous_6)
DA:38,15
DA:42,0
DA:43,0
DA:47,0
DA:48,0
DA:56,6
LF:6
LH:2
BRDA:42,0,0,0
BRDA:42,0,1,0
BRDA:43,1,0,0
BRDA:43,1,1,0
BRDA:43,1,2,0
BRDA:47,2,0,0
BRDA:47,2,1,0
BRDA:48,3,0,0
BRDA:48,3,1,0
BRF:9
BRH:0
end_of_record
TN:
SF:../../../../../../codebuild/output/src026986662/src/SmartDogHouse-WebApp/src/components/NotificationsTab.vue
FN:35,(anonymous_0)
FN:40,(anonymous_1)
FNF:2
FNH:1
FNDA:123,(anonymous_0)
FNDA:0,(anonymous_1)
DA:36,123
DA:41,0
LF:2
LH:1
BRF:0
BRH:0
end_of_record
TN:
SF:../../../../../../codebuild/output/src026986662/src/SmartDogHouse-WebApp/src/components/StatsChart.vue
FN:105,(anonymous_0)
FNF:1
FNH:1
FNDA:312,(anonymous_0)
DA:93,41
DA:105,312
LF:2
LH:2
BRF:0
BRH:0
end_of_record
TN:
SF:../../../../../../codebuild/output/src026986662/src/SmartDogHouse-WebApp/src/views/Home.vue
FN:141,(anonymous_0)
FN:142,(anonymous_1)
FN:143,(anonymous_2)
FN:144,(anonymous_3)
FN:145,(anonymous_4)
FN:146,(anonymous_5)
FN:148,(anonymous_6)
FN:162,(anonymous_7)
FN:166,(anonymous_8)
FN:171,(anonymous_9)
FN:190,(anonymous_10)
FN:191,(anonymous_11)
FN:196,(anonymous_12)
FN:199,(anonymous_13)
FN:200,(anonymous_14)
FN:201,(anonymous_15)
FN:205,(anonymous_16)
FN:208,(anonymous_17)
FN:235,(anonymous_18)
FN:241,(anonymous_19)
FN:245,(anonymous_20)
FN:252,(anonymous_21)
FN:253,(anonymous_22)
FN:255,(anonymous_23)
FN:262,(anonymous_24)
FN:265,(anonymous_25)
FN:266,(anonymous_26)
FN:268,(anonymous_27)
FNF:28
FNH:18
FNDA:44,(anonymous_0)
FNDA:44,(anonymous_1)
FNDA:44,(anonymous_2)
FNDA:44,(anonymous_3)
FNDA:44,(anonymous_4)
FNDA:44,(anonymous_5)
FNDA:44,(anonymous_6)
FNDA:44,(anonymous_7)
FNDA:40,(anonymous_8)
FNDA:0,(anonymous_9)
FNDA:3,(anonymous_10)
FNDA:3,(anonymous_11)
FNDA:0,(anonymous_12)
FNDA:39,(anonymous_13)
FNDA:159,(anonymous_14)
FNDA:159,(anonymous_15)
FNDA:0,(anonymous_16)
FNDA:0,(anonymous_17)
FNDA:3,(anonymous_18)
FNDA:0,(anonymous_19)
FNDA:0,(anonymous_20)
FNDA:3,(anonymous_21)
FNDA:0,(anonymous_22)
FNDA:3,(anonymous_23)
FNDA:71,(anonymous_24)
FNDA:0,(anonymous_25)
FNDA:0,(anonymous_26)
FNDA:0,(anonymous_27)
DA:141,44
DA:142,44
DA:143,44
DA:144,44
DA:145,44
DA:146,44
DA:148,44
DA:163,44
DA:164,44
DA:166,44
DA:167,40
DA:170,44
DA:171,44
DA:172,0
DA:173,0
DA:177,44
DA:184,41
DA:186,41
DA:187,41
DA:191,3
DA:192,3
DA:197,0
DA:200,198
DA:201,198
DA:206,0
DA:208,0
DA:209,0
DA:210,0
DA:211,0
DA:212,0
DA:213,0
DA:214,0
DA:215,0
DA:216,0
DA:218,0
DA:221,0
DA:224,0
DA:225,0
DA:226,0
DA:228,0
DA:229,0
DA:230,0
DA:232,0
DA:236,3
DA:237,3
DA:238,3
DA:242,0
DA:243,0
DA:244,0
DA:245,0
DA:247,0
DA:249,0
DA:253,3
DA:256,3
DA:257,3
DA:263,71
DA:266,0
DA:267,0
DA:268,0
DA:269,0
DA:270,0
DA:271,0
DA:272,0
LF:63
LH:28
BRDA:172,0,0,0
BRDA:172,0,1,0
BRDA:224,1,0,0
BRDA:224,1,1,0
BRDA:228,2,0,0
BRDA:228,2,1,0
BRDA:228,3,0,0
BRDA:228,3,1,0
BRDA:237,4,0,3
BRDA:237,4,1,0
BRDA:243,5,0,0
BRDA:243,5,1,0
BRDA:245,6,0,0
BRDA:245,6,1,0
BRF:14
BRH:1
end_of_record
TN:
SF:../../../../../../codebuild/output/src026986662/src/SmartDogHouse-WebApp/src/views/Login.vue
FN:25,(anonymous_0)
FNF:1
FNH:1
FNDA:12,(anonymous_0)
DA:25,12
LF:1
LH:1
BRF:0
BRH:0
end_of_record
TN:
SF:src/main.js
FN:32,(anonymous_0)
FNF:1
FNH:1
FNDA:50,(anonymous_0)
DA:13,50
DA:15,50
DA:16,50
DA:22,50
DA:24,50
DA:25,50
DA:26,50
DA:32,50
LF:8
LH:8
BRF:0
BRH:0
end_of_record
TN:
SF:src/plugins/vuetify.js
FNF:0
FNH:0
DA:5,50
DA:7,50
LF:2
LH:2
BRF:0
BRH:0
end_of_record
TN:
SF:src/router/router.js
FNF:0
FNH:0
DA:6,50
DA:8,50
DA:27,50
LF:3
LH:3
BRF:0
BRH:0
end_of_record
TN:
SF:src/store/store.js
FN:14,(anonymous_0)
FN:17,(anonymous_1)
FN:20,(anonymous_2)
FN:26,(anonymous_3)
FN:29,(anonymous_4)
FN:32,(anonymous_5)
FN:36,(anonymous_6)
FN:39,(anonymous_7)
FNF:8
FNH:3
FNDA:39,(anonymous_0)
FNDA:0,(anonymous_1)
FNDA:0,(anonymous_2)
FNDA:41,(anonymous_3)
FNDA:39,(anonymous_4)
FNDA:0,(anonymous_5)
FNDA:0,(anonymous_6)
FNDA:0,(anonymous_7)
DA:4,50
DA:15,39
DA:18,0
DA:21,0
DA:22,0
DA:27,41
DA:30,39
DA:33,0
DA:37,0
DA:40,0
LF:10
LH:4
BRF:0
BRH:0
end_of_record
